<?xml version="1.0" encoding="UTF-8"?>
<!-- Generated by org.testng.reporters.JUnitReportReporter -->
<testsuite hostname="LAPTOP-J0HGO0N3" failures="0" tests="1" name="com.crm.qa.testcases.LoginPageText" time="20.101" errors="0" timestamp="2022-09-06T13:54:09 IST" skipped="0">
  <testcase classname="com.crm.qa.testcases.LoginPageText" name="logintest" time="20.101"/>
  <system-out/>
</testsuite> <!-- com.crm.qa.testcases.LoginPageText -->
